<?xml version="1.0" encoding="UTF-8"?>
<!-- Generated by org.testng.reporters.JUnitReportReporter -->
<testsuite hostname="LAPTOP-D3SD4895" failures="0" tests="2" name="dataProviders.ActitimeLogin" time="146.711" errors="0" timestamp="2023-08-08T23:02:13 IST" skipped="0">
  <testcase classname="dataProviders.ActitimeLogin" name="actiTimeLogin" time="69.264"/>
  <testcase classname="dataProviders.ActitimeLogin" name="actiTimeLogin" time="77.447"/>
</testsuite> <!-- dataProviders.ActitimeLogin -->
