<?xml version="1.0" encoding="UTF-8"?>
<!-- Generated by org.testng.reporters.JUnitReportReporter -->
<testsuite hostname="LAPTOP-D3SD4895" failures="0" tests="1" name="Test_NG.sampletest" time="0.012" errors="0" timestamp="2023-08-07T09:05:17 IST" skipped="0">
  <testcase classname="Test_NG.sampletest" name="demo" time="0.012">
    <system-out>
      <![CDATA[Hello World!]]>
    </system-out>
  </testcase> <!-- demo -->
  <system-out>
    <![CDATA[Hello World!]]>
  </system-out>
</testsuite> <!-- Test_NG.sampletest -->
