<?xml version="1.0" encoding="UTF-8"?>
<!-- Generated by org.testng.reporters.JUnitReportReporter -->
<testsuite hostname="LAPTOP-D3SD4895" failures="0" tests="2" name="groupexecution.test2" time="0.003" errors="0" timestamp="2023-08-10T09:44:30 IST" skipped="0">
  <testcase classname="groupexecution.test2" name="demo2" time="0.002"/>
  <testcase classname="groupexecution.test2" name="demo3" time="0.001"/>
</testsuite> <!-- groupexecution.test2 -->
