<?xml version="1.0" encoding="UTF-8"?>
<!-- Generated by org.testng.reporters.JUnitReportReporter -->
<testsuite hostname="LAPTOP-D3SD4895" failures="0" tests="1" name="Annotations.TestClass" time="0.009" errors="0" timestamp="2023-08-09T10:04:27 IST" skipped="0">
  <testcase classname="Annotations.TestClass" name="test" time="0.009"/>
</testsuite> <!-- Annotations.TestClass -->
