<?xml version="1.0" encoding="UTF-8"?>
<!-- Generated by org.testng.reporters.JUnitReportReporter -->
<testsuite hostname="LAPTOP-D3SD4895" failures="0" tests="2" name="dataProviders.DependsOnMethods" time="23.917" errors="0" timestamp="2023-08-09T08:42:12 IST" skipped="0">
  <testcase classname="dataProviders.DependsOnMethods" name="loginToActitime" time="13.281"/>
  <testcase classname="dataProviders.DependsOnMethods" name="navigateToActitime" time="10.636"/>
</testsuite> <!-- dataProviders.DependsOnMethods -->
