<?xml version="1.0" encoding="UTF-8"?>
<!-- Generated by org.testng.reporters.JUnitReportReporter -->
<testsuite hostname="LAPTOP-D3SD4895" failures="0" tests="1" name="seleniumgrid.practiceTest" time="9.336" errors="0" timestamp="2023-08-15T09:17:00 IST" skipped="0">
  <testcase classname="seleniumgrid.practiceTest" name="googleTest" time="9.336"/>
</testsuite> <!-- seleniumgrid.practiceTest -->
