<?xml version="1.0" encoding="UTF-8"?>
<!-- Generated by org.testng.reporters.JUnitReportReporter -->
<testsuite hostname="LAPTOP-D3SD4895" failures="0" tests="5" name="Test_NG.prioritize" time="0.018" errors="0" timestamp="2023-08-09T22:35:23 IST" skipped="0">
  <testcase classname="Test_NG.prioritize" name="test5" time="0.012">
    <system-out>
      <![CDATA[test5]]>
    </system-out>
  </testcase> <!-- test5 -->
  <testcase classname="Test_NG.prioritize" name="test4" time="0.001">
    <system-out>
      <![CDATA[test4]]>
    </system-out>
  </testcase> <!-- test4 -->
  <testcase classname="Test_NG.prioritize" name="test3" time="0.001">
    <system-out>
      <![CDATA[test3]]>
    </system-out>
  </testcase> <!-- test3 -->
  <testcase classname="Test_NG.prioritize" name="test1" time="0.002">
    <system-out>
      <![CDATA[test1]]>
    </system-out>
  </testcase> <!-- test1 -->
  <testcase classname="Test_NG.prioritize" name="test2" time="0.002">
    <system-out>
      <![CDATA[test2]]>
    </system-out>
  </testcase> <!-- test2 -->
  <system-out>
    <![CDATA[test5
test4
test3
test1
test2]]>
  </system-out>
</testsuite> <!-- Test_NG.prioritize -->
