<?xml version="1.0" encoding="UTF-8"?>
<!-- Generated by org.testng.reporters.JUnitReportReporter -->
<testsuite hostname="LAPTOP-D3SD4895" failures="0" tests="4" name="Test_NG.invocationCountTest" time="0.019" errors="0" timestamp="2023-08-09T23:01:42 IST" skipped="0">
  <testcase classname="Test_NG.invocationCountTest" name="demo2" time="0.002">
    <system-out>
      <![CDATA[demo2]]>
    </system-out>
  </testcase> <!-- demo2 -->
  <testcase classname="Test_NG.invocationCountTest" name="demo3" time="0.002">
    <system-out>
      <![CDATA[demo3]]>
    </system-out>
  </testcase> <!-- demo3 -->
  <testcase classname="Test_NG.invocationCountTest" name="demo2" time="0.002">
    <system-out>
      <![CDATA[demo2]]>
    </system-out>
  </testcase> <!-- demo2 -->
  <testcase classname="Test_NG.invocationCountTest" name="demo1" time="0.013">
    <system-out>
      <![CDATA[demo1]]>
    </system-out>
  </testcase> <!-- demo1 -->
  <system-out>
    <![CDATA[demo1
demo2
demo2
demo3]]>
  </system-out>
</testsuite> <!-- Test_NG.invocationCountTest -->
