<?xml version="1.0" encoding="UTF-8"?>
<!-- Generated by org.testng.reporters.JUnitReportReporter -->
<testsuite hostname="LAPTOP-D3SD4895" failures="0" tests="1" name="groupexecution.test1" time="0.002" errors="0" timestamp="2023-08-10T09:44:30 IST" skipped="0">
  <testcase classname="groupexecution.test1" name="demo2" time="0.002"/>
</testsuite> <!-- groupexecution.test1 -->
