<?xml version="1.0" encoding="UTF-8"?>
<!-- Generated by org.testng.reporters.JUnitReportReporter -->
<testsuite hostname="LAPTOP-D3SD4895" failures="0" tests="1" name="assertions.WhyNotIfElse" time="0.014" errors="0" timestamp="2023-08-16T09:03:52 IST" skipped="0">
  <testcase classname="assertions.WhyNotIfElse" name="demo" time="0.014"/>
</testsuite> <!-- assertions.WhyNotIfElse -->
