<?xml version="1.0" encoding="UTF-8"?>
<!-- Generated by org.testng.reporters.JUnitReportReporter -->
<testsuite hostname="LAPTOP-D3SD4895" failures="0" tests="1" name="groupexecution.test3" time="0.012" errors="0" timestamp="2023-08-10T09:44:30 IST" skipped="0">
  <testcase classname="groupexecution.test3" name="demo2" time="0.012"/>
</testsuite> <!-- groupexecution.test3 -->
