<?xml version="1.0" encoding="UTF-8"?>
<!-- Generated by org.testng.reporters.JUnitReportReporter -->
<testsuite hostname="LAPTOP-D3SD4895" failures="0" tests="2" name="BatchExecution.test2" time="0.013" errors="0" timestamp="2023-08-10T08:46:46 IST" skipped="0">
  <testcase classname="BatchExecution.test2" name="demo1" time="0.011"/>
  <testcase classname="BatchExecution.test2" name="demo2" time="0.002"/>
</testsuite> <!-- BatchExecution.test2 -->
